\BOOKMARK [0][-]{chapter.1}{\376\377\000I\000n\000t\000r\000o\000d\000u\000\347\000\343\000o}{}% 1
\BOOKMARK [1][-]{section.1.1}{\376\377\000S\000t\000u\000x\000n\000e\000t}{chapter.1}% 2
\BOOKMARK [1][-]{section.1.2}{\376\377\000A\000\040\000p\000o\000n\000t\000a\000\040\000d\000a\000\040\000l\000a\000n\000\347\000a}{chapter.1}% 3
\BOOKMARK [0][-]{chapter.2}{\376\377\000R\000e\000v\000i\000s\000\343\000o\000\040\000B\000i\000b\000l\000i\000o\000g\000r\000\341\000f\000i\000c\000a}{}% 4
\BOOKMARK [1][-]{section.2.1}{\376\377\000R\000e\000d\000e\000s\000\040\000d\000e\000\040\000C\000o\000m\000p\000u\000t\000a\000d\000o\000r}{chapter.2}% 5
\BOOKMARK [2][-]{subsection.2.1.1}{\376\377\000M\000o\000d\000e\000l\000o\000\040\000O\000S\000I}{section.2.1}% 6
\BOOKMARK [2][-]{subsection.2.1.2}{\376\377\000M\000o\000d\000e\000l\000o\000\040\000O\000S\000I\000\040\000v\000s\000\040\000M\000o\000d\000e\000l\000o\000\040\000I\000n\000t\000e\000r\000n\000e\000t\000\040\000\050\000T\000C\000P\000/\000I\000P\000\051}{section.2.1}% 7
\BOOKMARK [2][-]{subsection.2.1.3}{\376\377\000T\000o\000p\000o\000l\000o\000g\000i\000a\000s}{section.2.1}% 8
\BOOKMARK [1][-]{section.2.2}{\376\377\000P\000r\000e\000o\000c\000u\000p\000a\000\347\000\365\000e\000s\000\040\000c\000o\000m\000\040\000S\000e\000g\000u\000r\000a\000n\000\347\000a}{chapter.2}% 9
\BOOKMARK [2][-]{subsection.2.2.1}{\376\377\000T\000e\000r\000m\000i\000n\000o\000l\000o\000g\000i\000a\000\040\000d\000e\000\040\000s\000e\000g\000u\000r\000a\000n\000\347\000a}{section.2.2}% 10
\BOOKMARK [1][-]{section.2.3}{\376\377\000I\000n\000t\000e\000r\000n\000e\000t\000\040\000d\000a\000s\000\040\000C\000o\000i\000s\000a\000s}{chapter.2}% 11
\BOOKMARK [2][-]{subsection.2.3.1}{\376\377\000U\000m\000a\000\040\000b\000r\000e\000v\000e\000\040\000c\000o\000n\000t\000e\000x\000t\000u\000a\000l\000i\000z\000a\000\347\000\343\000o\000\040\000h\000i\000s\000t\000\363\000r\000i\000c\000a}{section.2.3}% 12
\BOOKMARK [2][-]{subsection.2.3.2}{\376\377\000O\000\040\000m\000o\000d\000e\000l\000o\000\040\000d\000e\000\040\000s\000e\000i\000s\000\040\000c\000a\000m\000a\000d\000a\000s\000\040\000d\000a\000\040\000I\000o\000T}{section.2.3}% 13
\BOOKMARK [2][-]{subsection.2.3.3}{\376\377\000P\000r\000o\000t\000o\000c\000o\000l\000o\000s}{section.2.3}% 14
\BOOKMARK [0][-]{chapter.3}{\376\377\000M\000e\000t\000o\000d\000o\000l\000o\000g\000i\000a}{}% 15
\BOOKMARK [1][-]{section.3.1}{\376\377\000D\000e\000s\000c\000r\000i\000\347\000\343\000o\000\040\000d\000o\000\040\000E\000n\000s\000a\000i\000o\000\040\000-\000\040\000S\000C\000A\000D\000A}{chapter.3}% 16
\BOOKMARK [2][-]{subsection.3.1.1}{\376\377\000C\000r\000i\000a\000\347\000\343\000o\000\040\000d\000e\000\040\000A\000m\000b\000i\000e\000n\000t\000e}{section.3.1}% 17
\BOOKMARK [1][-]{section.3.2}{\376\377\000D\000e\000s\000c\000r\000i\000\347\000\343\000o\000\040\000d\000o\000\040\000E\000n\000s\000a\000i\000o\000\040\000-\000\040\000I\000o\000T}{chapter.3}% 18
\BOOKMARK [2][-]{subsection.3.2.1}{\376\377\000I\000n\000f\000r\000a\000e\000s\000t\000r\000u\000t\000u\000r\000a}{section.3.2}% 19
\BOOKMARK [0][-]{chapter.4}{\376\377\000A\000n\000\341\000l\000i\000s\000e\000\040\000d\000e\000\040\000R\000e\000s\000u\000l\000t\000a\000d\000o\000s}{}% 20
\BOOKMARK [1][-]{section.4.1}{\376\377\000A\000n\000\341\000l\000i\000s\000e\000\040\000d\000o\000\040\000e\000n\000s\000a\000i\000o\000\040\000I\000o\000T}{chapter.4}% 21
\BOOKMARK [2][-]{subsection.4.1.1}{\376\377\000P\000r\000i\000v\000a\000c\000i\000d\000a\000d\000e}{section.4.1}% 22
\BOOKMARK [2][-]{subsection.4.1.2}{\376\377\000A\000u\000t\000e\000n\000t\000i\000c\000a\000\347\000\343\000o}{section.4.1}% 23
\BOOKMARK [0][-]{chapter.5}{\376\377\000C\000o\000n\000c\000l\000u\000s\000\343\000o}{}% 24
\BOOKMARK [0][-]{chapter.5}{\376\377\000R\000e\000f\000e\000r\000\352\000n\000c\000i\000a\000s}{}% 25
\BOOKMARK [0][-]{chapter.1}{\376\377\000U\000m\000\040\000A\000p\000\352\000n\000d\000i\000c\000e}{}% 26
\BOOKMARK [0][-]{chapter.1}{\376\377\000U\000m\000\040\000A\000n\000e\000x\000o}{}% 27
\BOOKMARK [0][-]{chapter.2}{\376\377\000O\000u\000t\000r\000o\000\040\000A\000n\000e\000x\000o}{}% 28
