This is pdfTeX, Version 3.141592653-2.6-1.40.22 (TeX Live 2022/dev/Debian) (preloaded format=pdflatex 2023.4.26)  26 APR 2023 21:11
entering extended mode
 restricted \write18 enabled.
 %&-line parsing enabled.
**exemplo-tcc.tex
(./exemplo-tcc.tex
LaTeX2e <2021-11-15> patch level 1
L3 programming layer <2022-01-21> (./texufpel.cls


 --------------------------------------------------
 CLASSE texufpel
 Formata√ß√£o de Documentos LaTeX da UFPEL
 --------------------------------------------------
 Desenvolvida a partir da Classe IIUFRGS
 por Marilton S. de Aguiar (marilton@inf.ufpel.edu.br)
 --------------------------------------------------
 Vers√£o: 02/07/2021
 --------------------------------------------------


Document Class: texufpel 02/07/2021
(/usr/share/texlive/texmf-dist/tex/latex/base/report.cls
Document Class: report 2021/10/04 v1.4n Standard LaTeX document class
(/usr/share/texlive/texmf-dist/tex/latex/base/size12.clo
File: size12.clo 2021/10/04 v1.4n Standard LaTeX file (size option)
)
\c@part=\count185
\c@chapter=\count186
\c@section=\count187
\c@subsection=\count188
\c@subsubsection=\count189
\c@paragraph=\count190
\c@subparagraph=\count191
\c@figure=\count192
\c@table=\count193
\abovecaptionskip=\skip47
\belowcaptionskip=\skip48
\bibindent=\dimen138
)
(/usr/share/texlive/texmf-dist/tex/generic/babel/babel.sty
Package: babel 2022/01/26 3.70 The Babel package
\babel@savecnt=\count194
\U@D=\dimen139
\l@unhyphenated=\language87

(/usr/share/texlive/texmf-dist/tex/generic/babel/txtbabel.def)
\bbl@readstream=\read2
\bbl@dirlevel=\count195

(/usr/share/texlive/texmf-dist/tex/generic/babel-english/english.ldf
Language: english 2017/06/06 v3.3r English support from the babel system
Package babel Info: Hyphen rules for 'canadian' set to \l@english
(babel)             (\language0). Reported on input line 102.
Package babel Info: Hyphen rules for 'australian' set to \l@ukenglish
(babel)             (\language83). Reported on input line 105.
Package babel Info: Hyphen rules for 'newzealand' set to \l@ukenglish
(babel)             (\language83). Reported on input line 108.
)
(/usr/share/texlive/texmf-dist/tex/generic/babel-portuges/brazilian.ldf
Language: portuges 2021/07/09 v1.2t Portuguese support from the babel system
Package babel Info: Hyphen rules for 'brazilian' set to \l@portuguese
(babel)             (\language10). Reported on input line 111.
Package babel Info: Making " an active character on input line 143.
))
(/usr/share/texlive/texmf-dist/tex/latex/lastpage/lastpage.sty
Package: lastpage 2021/09/03 v1.2n Refers to last page's name (HMM; JPG)
)
(/usr/share/texlive/texmf-dist/tex/latex/tools/indentfirst.sty
Package: indentfirst 1995/11/23 v1.03 Indent first paragraph (DPC)
)
(/usr/share/texlive/texmf-dist/tex/latex/natbib/natbib.sty
Package: natbib 2010/09/13 8.31b (PWD, AO)
\bibhang=\skip49
\bibsep=\skip50
LaTeX Info: Redefining \cite on input line 694.
\c@NAT@ctr=\count196
)
(/usr/share/texlive/texmf-dist/tex/latex/chngcntr/chngcntr.sty
Package: chngcntr 2018/04/09 v1.1a change counter resetting
Package chngcntr Info: \counterwithout already defined.
(chngcntr)             Quitting chngcntr on input line 21.
)
(/usr/share/texlive/texmf-dist/tex/latex/titlesec/titlesec.sty
Package: titlesec 2021/07/05 v2.14 Sectioning titles
\ttl@box=\box50
\beforetitleunit=\skip51
\aftertitleunit=\skip52
\ttl@plus=\dimen140
\ttl@minus=\dimen141
\ttl@toksa=\toks16
\titlewidth=\dimen142
\titlewidthlast=\dimen143
\titlewidthfirst=\dimen144
)
(/usr/share/texlive/texmf-dist/tex/latex/graphics/color.sty
Package: color 2021/12/07 v1.3c Standard LaTeX Color (DPC)

(/usr/share/texlive/texmf-dist/tex/latex/graphics-cfg/color.cfg
File: color.cfg 2016/01/02 v1.6 sample color configuration
)
Package color Info: Driver file: pdftex.def on input line 149.

(/usr/share/texlive/texmf-dist/tex/latex/graphics-def/pdftex.def
File: pdftex.def 2020/10/05 v1.2a Graphics/color driver for pdftex
))
(/usr/share/texlive/texmf-dist/tex/latex/setspace/setspace.sty
Package: setspace 2011/12/19 v6.7a set line spacing
)
(/usr/share/texlive/texmf-dist/tex/latex/geometry/geometry.sty
Package: geometry 2020/01/02 v5.9 Page Geometry

(/usr/share/texlive/texmf-dist/tex/latex/graphics/keyval.sty
Package: keyval 2014/10/28 v1.15 key=value parser (DPC)
\KV@toks@=\toks17
)
(/usr/share/texlive/texmf-dist/tex/generic/iftex/ifvtex.sty
Package: ifvtex 2019/10/25 v1.7 ifvtex legacy package. Use iftex instead.

(/usr/share/texlive/texmf-dist/tex/generic/iftex/iftex.sty
Package: iftex 2020/03/06 v1.0d TeX engine tests
))
\Gm@cnth=\count197
\Gm@cntv=\count198
\c@Gm@tempcnt=\count199
\Gm@bindingoffset=\dimen145
\Gm@wd@mp=\dimen146
\Gm@odd@mp=\dimen147
\Gm@even@mp=\dimen148
\Gm@layoutwidth=\dimen149
\Gm@layoutheight=\dimen150
\Gm@layouthoffset=\dimen151
\Gm@layoutvoffset=\dimen152
\Gm@dimlist=\toks18
)
(/usr/share/texlive/texmf-dist/tex/latex/hyperref/hyperref.sty
Package: hyperref 2021-06-07 v7.00m Hypertext links for LaTeX

(/usr/share/texlive/texmf-dist/tex/generic/ltxcmds/ltxcmds.sty
Package: ltxcmds 2020-05-10 v1.25 LaTeX kernel commands for general use (HO)
)
(/usr/share/texlive/texmf-dist/tex/generic/pdftexcmds/pdftexcmds.sty
Package: pdftexcmds 2020-06-27 v0.33 Utility functions of pdfTeX for LuaTeX (HO
)

(/usr/share/texlive/texmf-dist/tex/generic/infwarerr/infwarerr.sty
Package: infwarerr 2019/12/03 v1.5 Providing info/warning/error messages (HO)
)
Package pdftexcmds Info: \pdf@primitive is available.
Package pdftexcmds Info: \pdf@ifprimitive is available.
Package pdftexcmds Info: \pdfdraftmode found.
)
(/usr/share/texlive/texmf-dist/tex/generic/kvsetkeys/kvsetkeys.sty
Package: kvsetkeys 2019/12/15 v1.18 Key value parser (HO)
)
(/usr/share/texlive/texmf-dist/tex/generic/kvdefinekeys/kvdefinekeys.sty
Package: kvdefinekeys 2019-12-19 v1.6 Define keys (HO)
)
(/usr/share/texlive/texmf-dist/tex/generic/pdfescape/pdfescape.sty
Package: pdfescape 2019/12/09 v1.15 Implements pdfTeX's escape features (HO)
)
(/usr/share/texlive/texmf-dist/tex/latex/hycolor/hycolor.sty
Package: hycolor 2020-01-27 v1.10 Color options for hyperref/bookmark (HO)
)
(/usr/share/texlive/texmf-dist/tex/latex/letltxmacro/letltxmacro.sty
Package: letltxmacro 2019/12/03 v1.6 Let assignment for LaTeX macros (HO)
)
(/usr/share/texlive/texmf-dist/tex/latex/auxhook/auxhook.sty
Package: auxhook 2019-12-17 v1.6 Hooks for auxiliary files (HO)
)
(/usr/share/texlive/texmf-dist/tex/latex/kvoptions/kvoptions.sty
Package: kvoptions 2020-10-07 v3.14 Key value format for package options (HO)
)
\@linkdim=\dimen153
\Hy@linkcounter=\count266
\Hy@pagecounter=\count267

(/usr/share/texlive/texmf-dist/tex/latex/hyperref/pd1enc.def
File: pd1enc.def 2021-06-07 v7.00m Hyperref: PDFDocEncoding definition (HO)
Now handling font encoding PD1 ...
... no UTF-8 mapping file for font encoding PD1
)
(/usr/share/texlive/texmf-dist/tex/latex/hyperref/hyperref-langpatches.def
File: hyperref-langpatches.def 2021-06-07 v7.00m Hyperref: patches for babel la
nguages
)
(/usr/share/texlive/texmf-dist/tex/generic/intcalc/intcalc.sty
Package: intcalc 2019/12/15 v1.3 Expandable calculations with integers (HO)
)
(/usr/share/texlive/texmf-dist/tex/generic/etexcmds/etexcmds.sty
Package: etexcmds 2019/12/15 v1.7 Avoid name clashes with e-TeX commands (HO)
)
\Hy@SavedSpaceFactor=\count268

(/usr/share/texlive/texmf-dist/tex/latex/hyperref/puenc.def
File: puenc.def 2021-06-07 v7.00m Hyperref: PDF Unicode definition (HO)
Now handling font encoding PU ...
... no UTF-8 mapping file for font encoding PU
)
Package hyperref Info: Hyper figures OFF on input line 4192.
Package hyperref Info: Link nesting OFF on input line 4197.
Package hyperref Info: Hyper index ON on input line 4200.
Package hyperref Info: Plain pages OFF on input line 4207.
Package hyperref Info: Backreferencing OFF on input line 4212.
Package hyperref Info: Implicit mode ON; LaTeX internals redefined.
Package hyperref Info: Bookmarks ON on input line 4445.
\c@Hy@tempcnt=\count269

(/usr/share/texlive/texmf-dist/tex/latex/url/url.sty
\Urlmuskip=\muskip16
Package: url 2013/09/16  ver 3.4  Verb mode for urls, etc.
)
LaTeX Info: Redefining \url on input line 4804.
\XeTeXLinkMargin=\dimen154

(/usr/share/texlive/texmf-dist/tex/generic/bitset/bitset.sty
Package: bitset 2019/12/09 v1.3 Handle bit-vector datatype (HO)

(/usr/share/texlive/texmf-dist/tex/generic/bigintcalc/bigintcalc.sty
Package: bigintcalc 2019/12/15 v1.5 Expandable calculations on big integers (HO
)
))
\Fld@menulength=\count270
\Field@Width=\dimen155
\Fld@charsize=\dimen156
Package hyperref Info: Hyper figures OFF on input line 6076.
Package hyperref Info: Link nesting OFF on input line 6081.
Package hyperref Info: Hyper index ON on input line 6084.
Package hyperref Info: backreferencing OFF on input line 6091.
Package hyperref Info: Link coloring OFF on input line 6096.
Package hyperref Info: Link coloring with OCG OFF on input line 6101.
Package hyperref Info: PDF/A mode OFF on input line 6106.
LaTeX Info: Redefining \ref on input line 6146.
LaTeX Info: Redefining \pageref on input line 6150.

(/usr/share/texlive/texmf-dist/tex/latex/base/atbegshi-ltx.sty
Package: atbegshi-ltx 2021/01/10 v1.0c Emulation of the original atbegshi
package with kernel methods
)
\Hy@abspage=\count271
\c@Item=\count272
\c@Hfootnote=\count273
)
Package hyperref Info: Driver (autodetected): hpdftex.

(/usr/share/texlive/texmf-dist/tex/latex/hyperref/hpdftex.def
File: hpdftex.def 2021-06-07 v7.00m Hyperref driver for pdfTeX

(/usr/share/texlive/texmf-dist/tex/latex/base/atveryend-ltx.sty
Package: atveryend-ltx 2020/08/19 v1.0a Emulation of the original atveryend pac
kage
with kernel methods
)
\Fld@listcount=\count274
\c@bookmark@seq@number=\count275

(/usr/share/texlive/texmf-dist/tex/latex/rerunfilecheck/rerunfilecheck.sty
Package: rerunfilecheck 2019/12/05 v1.9 Rerun checks for auxiliary files (HO)

(/usr/share/texlive/texmf-dist/tex/generic/uniquecounter/uniquecounter.sty
Package: uniquecounter 2019/12/15 v1.4 Provide unlimited unique counter (HO)
)
Package uniquecounter Info: New unique counter `rerunfilecheck' on input line 2
86.
)
\Hy@SectionHShift=\skip53
)
(/usr/share/texlive/texmf-dist/tex/latex/changepage/changepage.sty
Package: changepage 2009/10/20 v1.0c check page and change page layout
\c@cp@cntr=\count276
\cp@tempcnt=\count277
)
(/usr/share/texlive/texmf-dist/tex/latex/base/fontenc.sty
Package: fontenc 2021/04/29 v2.0v Standard LaTeX package
)
(/usr/share/texlive/texmf-dist/tex/latex/caption/caption.sty
Package: caption 2020/10/26 v3.5g Customizing captions (AR)

(/usr/share/texlive/texmf-dist/tex/latex/caption/caption3.sty
Package: caption3 2020/10/21 v2.2e caption3 kernel (AR)
\captionmargin=\dimen157
\captionmargin@=\dimen158
\captionwidth=\dimen159
\caption@tempdima=\dimen160
\caption@indent=\dimen161
\caption@parindent=\dimen162
\caption@hangindent=\dimen163
Package caption Info: Standard document class detected.
)
\c@caption@flags=\count278
\c@continuedfloat=\count279
Package caption Info: changepage package is loaded.
\caption@adjustwidth@hsize=\dimen164
\caption@adjustwidth@linewidth=\dimen165
Package caption Info: hyperref package is loaded.
)
\c@ei@authorcount=\count280
\c@ei@advisorcount=\count281
\c@ei@coadvisorcount=\count282
\c@ei@collaboratorcount=\count283
\c@kwcounter=\count284
\c@kwcountereng=\count285
\titlepagewinwidth=\skip54
\titlepagewinheight=\skip55
\titlepagewinvoffset=\skip56
\ei@chapnumindent=\skip57
)
(/usr/share/texlive/texmf-dist/tex/latex/caption/subcaption.sty
Package: subcaption 2020/10/07 v1.3j Sub-captions (AR)
\c@subfigure=\count286
\c@subtable=\count287
)
(/usr/share/texlive/texmf-dist/tex/latex/base/inputenc.sty
Package: inputenc 2021/02/14 v1.3d Input encoding file
\inpenc@prehook=\toks19
\inpenc@posthook=\toks20
)
(/usr/share/texlive/texmf-dist/tex/latex/graphics/graphicx.sty
Package: graphicx 2021/09/16 v1.2d Enhanced LaTeX Graphics (DPC,SPQR)

(/usr/share/texlive/texmf-dist/tex/latex/graphics/graphics.sty
Package: graphics 2021/03/04 v1.4d Standard LaTeX Graphics (DPC,SPQR)

(/usr/share/texlive/texmf-dist/tex/latex/graphics/trig.sty
Package: trig 2021/08/11 v1.11 sin cos tan (DPC)
)
(/usr/share/texlive/texmf-dist/tex/latex/graphics-cfg/graphics.cfg
File: graphics.cfg 2016/06/04 v1.11 sample graphics configuration
)
Package graphics Info: Driver file: pdftex.def on input line 107.
)
\Gin@req@height=\dimen166
\Gin@req@width=\dimen167
)
(/usr/share/texlive/texmf-dist/tex/latex/base/fontenc.sty
Package: fontenc 2021/04/29 v2.0v Standard LaTeX package
LaTeX Font Info:    Trying to load font information for T1+phv on input line 11
2.

(/usr/share/texlive/texmf-dist/tex/latex/psnfss/t1phv.fd
File: t1phv.fd 2020/03/25 scalable font definitions for T1/phv.
))
Package hyperref Info: Option `unicode' set `true' on input line 11.

(/usr/share/texlive/texmf-dist/tex/latex/l3backend/l3backend-pdftex.def
File: l3backend-pdftex.def 2022-01-12 L3 backend support: PDF output (pdfTeX)
\l__color_backend_stack_int=\count288
\l__pdf_internal_box=\box51
)
(./exemplo-tcc.aux)
\openout1 = `exemplo-tcc.aux'.

LaTeX Font Info:    Checking defaults for OML/cmm/m/it on input line 39.
LaTeX Font Info:    ... okay on input line 39.
LaTeX Font Info:    Checking defaults for OMS/cmsy/m/n on input line 39.
LaTeX Font Info:    ... okay on input line 39.
LaTeX Font Info:    Checking defaults for OT1/cmr/m/n on input line 39.
LaTeX Font Info:    ... okay on input line 39.
LaTeX Font Info:    Checking defaults for T1/cmr/m/n on input line 39.
LaTeX Font Info:    ... okay on input line 39.
LaTeX Font Info:    Checking defaults for TS1/cmr/m/n on input line 39.
LaTeX Font Info:    ... okay on input line 39.
LaTeX Font Info:    Checking defaults for OMX/cmex/m/n on input line 39.
LaTeX Font Info:    ... okay on input line 39.
LaTeX Font Info:    Checking defaults for U/cmr/m/n on input line 39.
LaTeX Font Info:    ... okay on input line 39.
LaTeX Font Info:    Checking defaults for PD1/pdf/m/n on input line 39.
LaTeX Font Info:    ... okay on input line 39.
LaTeX Font Info:    Checking defaults for PU/pdf/m/n on input line 39.
LaTeX Font Info:    ... okay on input line 39.
Package lastpage Info: Please have a look at the pageslts package at
(lastpage)             https://www.ctan.org/pkg/pageslts
(lastpage)             ! on input line 39.

(/usr/share/texlive/texmf-dist/tex/context/base/mkii/supp-pdf.mkii
[Loading MPS to PDF converter (version 2006.09.02).]
\scratchcounter=\count289
\scratchdimen=\dimen168
\scratchbox=\box52
\nofMPsegments=\count290
\nofMParguments=\count291
\everyMPshowfont=\toks21
\MPscratchCnt=\count292
\MPscratchDim=\dimen169
\MPnumerator=\count293
\makeMPintoPDFobject=\count294
\everyMPtoPDFconversion=\toks22
) (/usr/share/texlive/texmf-dist/tex/latex/epstopdf-pkg/epstopdf-base.sty
Package: epstopdf-base 2020-01-24 v2.11 Base part for package epstopdf

(/usr/share/texlive/texmf-dist/tex/latex/grfext/grfext.sty
Package: grfext 2019/12/03 v1.3 Manage graphics extensions (HO)
)
Package epstopdf-base Info: Redefining graphics rule for `.eps' on input line 4
85.
Package grfext Info: Graphics extension search list:
(grfext)             [.pdf,.png,.jpg,.mps,.jpeg,.jbig2,.jb2,.PDF,.PNG,.JPG,.JPE
G,.JBIG2,.JB2,.eps]
(grfext)             \AppendGraphicsExtensions on input line 504.

(/usr/share/texlive/texmf-dist/tex/latex/latexconfig/epstopdf-sys.cfg
File: epstopdf-sys.cfg 2010/07/13 v1.3 Configuration of (r)epstopdf for TeX Liv
e
))
*geometry* driver: auto-detecting
*geometry* detected driver: pdftex
*geometry* verbose mode - [ preamble ] result:
* driver: pdftex
* paper: <default>
* layout: <same size as paper>
* layoutoffset:(h,v)=(0.0pt,0.0pt)
* modes: 
* h-part:(L,W,R)=(85.35826pt, 455.24411pt, 56.9055pt)
* v-part:(T,H,B)=(85.35826pt, 702.78308pt, 56.9055pt)
* \paperwidth=597.50787pt
* \paperheight=845.04684pt
* \textwidth=455.24411pt
* \textheight=702.78308pt
* \oddsidemargin=13.08827pt
* \evensidemargin=13.08827pt
* \topmargin=-23.91173pt
* \headheight=12.0pt
* \headsep=25.0pt
* \topskip=12.0pt
* \footskip=30.0pt
* \marginparwidth=35.0pt
* \marginparsep=10.0pt
* \columnsep=10.0pt
* \skip\footins=10.8pt plus 4.0pt minus 2.0pt
* \hoffset=0.0pt
* \voffset=0.0pt
* \mag=1000
* \@twocolumnfalse
* \@twosidefalse
* \@mparswitchfalse
* \@reversemarginfalse
* (1in=72.27pt=25.4mm, 1cm=28.453pt)

Package hyperref Info: Link coloring OFF on input line 39.
(/usr/share/texlive/texmf-dist/tex/latex/hyperref/nameref.sty
Package: nameref 2021-04-02 v2.47 Cross-referencing by name of section

(/usr/share/texlive/texmf-dist/tex/latex/refcount/refcount.sty
Package: refcount 2019/12/15 v3.6 Data extraction from label references (HO)
)
(/usr/share/texlive/texmf-dist/tex/generic/gettitlestring/gettitlestring.sty
Package: gettitlestring 2019/12/15 v1.6 Cleanup title references (HO)
)
\c@section@level=\count295
)
LaTeX Info: Redefining \ref on input line 39.
LaTeX Info: Redefining \pageref on input line 39.
LaTeX Info: Redefining \nameref on input line 39.

(./exemplo-tcc.out) (./exemplo-tcc.out)
\@outlinefile=\write3
\openout3 = `exemplo-tcc.out'.

Package caption Info: Begin \AtBeginDocument code.
Package caption Info: End \AtBeginDocument code.
<ufpelw.pdf, id=64, 258.96838pt x 261.97874pt>
File: ufpelw.pdf Graphic file (type pdf)
<use ufpelw.pdf>
Package pdftex.def Info: ufpelw.pdf  used on input line 44.
(pdftex.def)             Requested size: 85.35826pt x 86.34932pt.
 [1

{/var/lib/texmf/fonts/map/pdftex/updmap/pdftex.map} <./ufpelw.pdf>]
LaTeX Font Info:    External font `cmex10' loaded for size
(Font)              <12> on input line 44.
LaTeX Font Info:    External font `cmex10' loaded for size
(Font)              <8> on input line 44.
LaTeX Font Info:    External font `cmex10' loaded for size
(Font)              <6> on input line 44.
 [2] [3


] [4

] [5

] [6

]
LaTeX Font Info:    Font shape `T1/phv/m/it' in size <12> not available
(Font)              Font shape `T1/phv/m/sl' tried instead on input line 78.
LaTeX Font Info:    Font shape `T1/phv/m/it' in size <10.95> not available
(Font)              Font shape `T1/phv/m/sl' tried instead on input line 78.
 [7

]

LaTeX Warning: Reference `LastPage' on page 8 undefined on input line 84.


Package natbib Warning: Citation `ashton' on page 8 undefined on input line 85.



Underfull \hbox (badness 10000) in paragraph at lines 84--86

 []


Package natbib Warning: Citation `xu' on page 8 undefined on input line 87.

[8

]

LaTeX Warning: Reference `LastPage' on page 9 undefined on input line 91.


Underfull \hbox (badness 10000) in paragraph at lines 91--92

 []


Underfull \hbox (badness 10000) in paragraph at lines 91--92

 []


Package natbib Warning: Citation `ashton' on page 9 undefined on input line 93.



Package natbib Warning: Citation `xu' on page 9 undefined on input line 95.

[9


] (./exemplo-tcc.lof)
\tf@lof=\write4
\openout4 = `exemplo-tcc.lof'.

 [10

] (./exemplo-tcc.lot)
\tf@lot=\write5
\openout5 = `exemplo-tcc.lot'.

 [11

] [12

] [13]
(./exemplo-tcc.toc)
\tf@toc=\write6
\openout6 = `exemplo-tcc.toc'.

 [14

]

Package natbib Warning: Citation `stuxnet_kaspersky' on page 15 undefined on in
put line 150.

[15

]

Package natbib Warning: Citation `stuxnet_kaspersky' on page 16 undefined on in
put line 155.


Package natbib Warning: Citation `smart_cities' on page 16 undefined on input l
ine 160.


Package natbib Warning: Citation `Ibarra-Esquer' on page 16 undefined on input 
line 162.


Package natbib Warning: Citation `laya' on page 16 undefined on input line 162.


[16] [17]

Package natbib Warning: Citation `kurose' on page 18 undefined on input line 17
1.


Package natbib Warning: Citation `kurose' on page 18 undefined on input line 17
3.


Package natbib Warning: Citation `imperva' on page 18 undefined on input line 1
76.

LaTeX Font Info:    Trying to load font information for TS1+phv on input line 1
78.
(/usr/share/texlive/texmf-dist/tex/latex/psnfss/ts1phv.fd
File: ts1phv.fd 2020/03/25 scalable font definitions for TS1/phv.
)
<figs/osi.png, id=142, 302.12875pt x 482.80376pt>
File: figs/osi.png Graphic file (type png)
<use figs/osi.png>
Package pdftex.def Info: figs/osi.png  used on input line 186.
(pdftex.def)             Requested size: 120.84935pt x 193.11807pt.


Package natbib Warning: Citation `kurose' on page 18 undefined on input line 18
8.


LaTeX Warning: `h' float specifier changed to `ht'.


Package natbib Warning: Citation `cloudflare_layers' on page 18 undefined on in
put line 194.


Package natbib Warning: Citation `imperva' on page 18 undefined on input line 1
98.

[18

]

Package natbib Warning: Citation `cloudflare_layers' on page 19 undefined on in
put line 206.


Package natbib Warning: Citation `cloudflare_layers' on page 19 undefined on in
put line 206.


Package natbib Warning: Citation `kurose' on page 19 undefined on input line 21
0.


Package natbib Warning: Citation `imperva' on page 19 undefined on input line 2
14.


Package natbib Warning: Citation `cloudflare_layers' on page 19 undefined on in
put line 214.

[19 <./figs/osi.png>]

Package natbib Warning: Citation `cloudflare_layers' on page 20 undefined on in
put line 218.


Package natbib Warning: Citation `imperva' on page 20 undefined on input line 2
18.


Package natbib Warning: Citation `cloudflare_layers' on page 20 undefined on in
put line 222.


Package natbib Warning: Citation `cloudflare_layers' on page 20 undefined on in
put line 222.


Package natbib Warning: Citation `imperva' on page 20 undefined on input line 2
22.


Package natbib Warning: Citation `cloudflare_layers' on page 20 undefined on in
put line 227.


Package natbib Warning: Citation `imperva' on page 20 undefined on input line 2
33.

[20]

Package natbib Warning: Citation `schiller' on page 21 undefined on input line 
236.

<figs/mesh.png, id=167, 441.65pt x 412.54124pt>
File: figs/mesh.png Graphic file (type png)
<use figs/mesh.png>
Package pdftex.def Info: figs/mesh.png  used on input line 240.
(pdftex.def)             Requested size: 87.4092pt x 81.64438pt.

Underfull \hbox (badness 10000) in paragraph at lines 241--241
[]\T1/phv/m/n/10 (a) |To-po-lo-gia Ma-lha
 []

<figs/star.png, id=168, 521.95pt x 512.91624pt>
File: figs/star.png Graphic file (type png)
<use figs/star.png>
Package pdftex.def Info: figs/star.png  used on input line 246.
(pdftex.def)             Requested size: 87.4092pt x 85.89542pt.
<figs/pmesh.png, id=169, 552.0625pt x 512.91624pt>
File: figs/pmesh.png Graphic file (type png)
<use figs/pmesh.png>
Package pdftex.def Info: figs/pmesh.png  used on input line 252.
(pdftex.def)             Requested size: 87.4092pt x 81.20735pt.
<figs/dchain.png, id=170, 441.65pt x 412.54124pt>
File: figs/dchain.png Graphic file (type png)
<use figs/dchain.png>
Package pdftex.def Info: figs/dchain.png  used on input line 258.
(pdftex.def)             Requested size: 87.4092pt x 81.64438pt.

Package natbib Warning: Citation `schiller' on page 21 undefined on input line 
262.


Package natbib Warning: Citation `schiller' on page 21 undefined on input line 
268.


Package natbib Warning: Citation `schiller' on page 21 undefined on input line 
272.


Package natbib Warning: Citation `schiller' on page 21 undefined on input line 
276.

[21 <./figs/mesh.png> <./figs/star.png> <./figs/pmesh.png> <./figs/dchain.png>]

Package natbib Warning: Citation `schiller' on page 22 undefined on input line 
286.


Package natbib Warning: Citation `schiller' on page 22 undefined on input line 
298.

[22]

Package natbib Warning: Citation `Sharma2019' on page 23 undefined on input lin
e 312.


Package natbib Warning: Citation `Sharma2019' on page 23 undefined on input lin
e 312.


Package natbib Warning: Citation `ashton' on page 23 undefined on input line 31
6.


Package natbib Warning: Citation `Sharma2019' on page 23 undefined on input lin
e 318.


Package natbib Warning: Citation `xu' on page 23 undefined on input line 318.


Package natbib Warning: Citation `Sharma2019' on page 23 undefined on input lin
e 322.


Package natbib Warning: Citation `xu' on page 23 undefined on input line 322.

[23]
LaTeX Font Info:    External font `cmex10' loaded for size
(Font)              <7> on input line 328.
LaTeX Font Info:    External font `cmex10' loaded for size
(Font)              <5> on input line 328.
 [24]
<figs/xu.png, id=206, 258.9675pt x 479.7925pt>
File: figs/xu.png Graphic file (type png)
<use figs/xu.png>
Package pdftex.def Info: figs/xu.png  used on input line 344.
(pdftex.def)             Requested size: 129.48341pt x 239.89565pt.


Package natbib Warning: Citation `xu' on page 25 undefined on input line 345.


Package natbib Warning: Citation `schiller' on page 25 undefined on input line 
356.

[25 <./figs/xu.png>]

Package natbib Warning: Citation `schiller' on page 26 undefined on input line 
360.


Package natbib Warning: Citation `schiller' on page 26 undefined on input line 
363.


Package natbib Warning: Citation `schiller' on page 26 undefined on input line 
367.


Package natbib Warning: Citation `schiller' on page 26 undefined on input line 
371.


Package natbib Warning: Citation `o2007toward' on page 26 undefined on input li
ne 375.

[26] [27]

Package natbib Warning: Citation `fischer' on page 28 undefined on input line 3
83.

[28

]
<camadas.png, id=233, 681.54625pt x 642.4pt>
File: camadas.png Graphic file (type png)
<use camadas.png>
Package pdftex.def Info: camadas.png  used on input line 398.
(pdftex.def)             Requested size: 408.93091pt x 385.44298pt.


Package natbib Warning: Citation `schiller' on page 29 undefined on input line 
399.

[29 <./camadas.png>]

Package natbib Warning: Citation `choice' on page 30 undefined on input line 40
6.


Overfull \hbox (15.65523pt too wide) in paragraph at lines 415--415
[]\T1/phv/m/n/12 Cliente/Gerenciador| 
 []


Underfull \hbox (badness 10000) in paragraph at lines 415--415
[]\T1/phv/m/n/12 Cliente/Servidor
 []


Underfull \hbox (badness 10000) in paragraph at lines 415--415
\T1/phv/m/n/12 ou Cli-
 []


Overfull \hbox (6.2133pt too wide) in paragraph at lines 415--415
\T1/phv/m/n/12 ente/Gerenciador| 
 []


Underfull \hbox (badness 10000) in paragraph at lines 415--415
[]\T1/phv/m/n/12 Cliente/Servidor
 []


Underfull \hbox (badness 10000) in paragraph at lines 415--415
\T1/phv/m/n/12 ou Cli-
 []


Overfull \hbox (1.66336pt too wide) in paragraph at lines 415--415
\T1/phv/m/n/12 ente/Gerenciador| 
 []


Overfull \hbox (4.28145pt too wide) in paragraph at lines 416--416
[]\T1/phv/m/n/12 Pedido/Resposta
 []


Underfull \hbox (badness 10000) in paragraph at lines 416--416
\T1/phv/m/n/12 ou Pu-bli-
 []


Underfull \hbox (badness 10000) in paragraph at lines 416--416
[]\T1/phv/m/n/12 Pedido/Resposta
 []


Underfull \hbox (badness 10000) in paragraph at lines 416--416
\T1/phv/m/n/12 ou Pu-bli-
 []


Underfull \hbox (badness 2538) in paragraph at lines 418--418
[]\T1/phv/m/n/12 Pequeno e In-
 []


Underfull \hbox (badness 2173) in paragraph at lines 418--419
[]\T1/phv/m/n/12 Grande e in-de-
 []


Underfull \hbox (badness 7308) in paragraph at lines 418--419
\T1/phv/m/n/12 fi-nido (de-pende
 []


Underfull \hbox (badness 10000) in paragraph at lines 419--419
[]\T1/phv/m/n/12 connect(), dis-
 []


Underfull \hbox (badness 10000) in paragraph at lines 419--419
\T1/phv/m/n/12 con-nect(), pu-
 []


Underfull \hbox (badness 10000) in paragraph at lines 419--419
\T1/phv/m/n/12 blish(), subs-
 []


Underfull \hbox (badness 2744) in paragraph at lines 419--419
\T1/phv/m/n/12 cribe(), un-subs-
 []


Underfull \hbox (badness 10000) in paragraph at lines 419--419
[]\T1/phv/m/n/12 get(), post(),
 []


Underfull \hbox (badness 10000) in paragraph at lines 419--419
\T1/phv/m/n/12 ver(), pu-blish(),
 []


Underfull \hbox (badness 10000) in paragraph at lines 419--419
\T1/phv/m/n/12 get(), se-lect(),
 []


Underfull \hbox (badness 10000) in paragraph at lines 419--419
\T1/phv/m/n/12 ack(), de-lete(),
 []


Underfull \hbox (badness 4752) in paragraph at lines 419--419
\T1/phv/m/n/12 re-ject(), open(),
 []


Underfull \hbox (badness 10000) in paragraph at lines 419--420
[]\T1/phv/m/n/12 get(), post(),
 []


Underfull \hbox (badness 10000) in paragraph at lines 419--420
\T1/phv/m/n/12 head(), put(),
 []


Underfull \hbox (badness 10000) in paragraph at lines 419--420
\T1/phv/m/n/12 patch(), op-ti-
 []


Underfull \hbox (badness 10000) in paragraph at lines 420--420
[]\T1/phv/m/n/12 Suporte
 []


Underfull \hbox (badness 10000) in paragraph at lines 420--420
\T1/phv/m/n/12 a Ca-
 []


Underfull \hbox (badness 10000) in paragraph at lines 421--421
[]\T1/phv/m/n/12 Qualidade
 []


Underfull \hbox (badness 1867) in paragraph at lines 421--421
[]\T1/phv/m/n/12 3 nÌ-veis: QOS
 []


Underfull \hbox (badness 1584) in paragraph at lines 421--421
\T1/phv/m/n/12 0 - no m·-ximo
 []


Underfull \hbox (badness 1635) in paragraph at lines 421--421
\T1/phv/m/n/12 uma vez; QOS
 []


Underfull \hbox (badness 1635) in paragraph at lines 421--421
\T1/phv/m/n/12 uma vez; QOS
 []


Underfull \hbox (badness 1430) in paragraph at lines 421--421
\T1/phv/m/n/12 2 - Exa-ta-mente
 []


Underfull \hbox (badness 10000) in paragraph at lines 424--424
[]\T1/phv/m/n/12 Porta Pa-
 []


Underfull \hbox (badness 5217) in paragraph at lines 424--425
[]\T1/phv/m/n/12 80 TLS / 443
 []


Overfull \hbox (32.67947pt too wide) in paragraph at lines 413--427
[][] 
 []


Package caption Warning: The option `hypcap=true' will be ignored for this
(caption)                particular \caption on input line 428.
See the caption package documentation for explanation.

! Extra }, or forgotten \endgroup.
\@endfloatbox ...pagefalse \outer@nobreak \egroup 
                                                  \color@endbox 
l.430 \end{table}
                 
? 
! Emergency stop.
\@endfloatbox ...pagefalse \outer@nobreak \egroup 
                                                  \color@endbox 
l.430 \end{table}
                 
End of file on the terminal!

 
Here is how much of TeX's memory you used:
 12564 strings out of 478287
 203668 string characters out of 5849289
 518424 words of memory out of 5000000
 30498 multiletter control sequences out of 15000+600000
 513114 words of font info for 65 fonts, out of 8000000 for 9000
 1141 hyphenation exceptions out of 8191
 75i,10n,77p,1042b,483s stack positions out of 5000i,500n,10000p,200000b,80000s
!  ==> Fatal error occurred, no output PDF file produced!
